This file contains any messages produced by compilers while
running configure, to aid debugging if configure makes a mistake.

It was created by gflags configure 2.0, which was
generated by GNU Autoconf 2.69.  Invocation command line was

  $ ./configure --disable-shared --prefix=/home/pang/git/gitlib/tmp/nal2yuv2jpg/3rd/install

## --------- ##
## Platform. ##
## --------- ##

hostname = pang-Yue
uname -m = x86_64
uname -r = 4.4.0-34-generic
uname -s = Linux
uname -v = #53-Ubuntu SMP Wed Jul 27 16:06:39 UTC 2016

/usr/bin/uname -p = unknown
/bin/uname -X     = unknown

/bin/arch              = unknown
/usr/bin/arch -k       = unknown
/usr/convex/getsysinfo = unknown
/usr/bin/hostinfo      = unknown
/bin/machine           = unknown
/usr/bin/oslevel       = unknown
/bin/universe          = unknown

PATH: /usr/local/sbin
PATH: /usr/local/bin
PATH: /usr/sbin
PATH: /usr/bin
PATH: /sbin
PATH: /bin
PATH: /usr/games
PATH: /usr/local/games
PATH: /snap/bin


## ----------- ##
## Core tests. ##
## ----------- ##

configure:2606: checking for a BSD-compatible install
configure:2674: result: /usr/bin/install -c
configure:2685: checking whether build environment is sane
configure:2722: result: yes
configure:2747: checking for a thread-safe mkdir -p
configure:2786: result: /bin/mkdir -p
configure:2799: checking for gawk
configure:2829: result: no
configure:2799: checking for mawk
configure:2815: found /usr/bin/mawk
configure:2826: result: mawk
configure:2837: checking whether make sets $(MAKE)
configure:2859: result: yes
configure:3103: checking for g++
configure:3119: found /usr/bin/g++
configure:3130: result: g++
configure:3157: checking for C++ compiler version
configure:3166: g++ --version >&5
g++ (Ubuntu 5.4.0-6ubuntu1~16.04.2) 5.4.0 20160609
Copyright (C) 2015 Free Software Foundation, Inc.
This is free software; see the source for copying conditions.  There is NO
warranty; not even for MERCHANTABILITY or FITNESS FOR A PARTICULAR PURPOSE.

configure:3177: $? = 0
configure:3166: g++ -v >&5
Using built-in specs.
COLLECT_GCC=g++
COLLECT_LTO_WRAPPER=/usr/lib/gcc/x86_64-linux-gnu/5/lto-wrapper
Target: x86_64-linux-gnu
Configured with: ../src/configure -v --with-pkgversion='Ubuntu 5.4.0-6ubuntu1~16.04.2' --with-bugurl=file:///usr/share/doc/gcc-5/README.Bugs --enable-languages=c,ada,c++,java,go,d,fortran,objc,obj-c++ --prefix=/usr --program-suffix=-5 --enable-shared --enable-linker-build-id --libexecdir=/usr/lib --without-included-gettext --enable-threads=posix --libdir=/usr/lib --enable-nls --with-sysroot=/ --enable-clocale=gnu --enable-libstdcxx-debug --enable-libstdcxx-time=yes --with-default-libstdcxx-abi=new --enable-gnu-unique-object --disable-vtable-verify --enable-libmpx --enable-plugin --with-system-zlib --disable-browser-plugin --enable-java-awt=gtk --enable-gtk-cairo --with-java-home=/usr/lib/jvm/java-1.5.0-gcj-5-amd64/jre --enable-java-home --with-jvm-root-dir=/usr/lib/jvm/java-1.5.0-gcj-5-amd64 --with-jvm-jar-dir=/usr/lib/jvm-exports/java-1.5.0-gcj-5-amd64 --with-arch-directory=amd64 --with-ecj-jar=/usr/share/java/eclipse-ecj.jar --enable-objc-gc --enable-multiarch --disable-werror --with-arch-32=i686 --with-abi=m64 --with-multilib-list=m32,m64,mx32 --enable-multilib --with-tune=generic --enable-checking=release --build=x86_64-linux-gnu --host=x86_64-linux-gnu --target=x86_64-linux-gnu
Thread model: posix
gcc version 5.4.0 20160609 (Ubuntu 5.4.0-6ubuntu1~16.04.2) 
configure:3177: $? = 0
configure:3166: g++ -V >&5
g++: error: unrecognized command line option '-V'
g++: fatal error: no input files
compilation terminated.
configure:3177: $? = 1
configure:3166: g++ -qversion >&5
g++: error: unrecognized command line option '-qversion'
g++: fatal error: no input files
compilation terminated.
configure:3177: $? = 1
configure:3197: checking whether the C++ compiler works
configure:3219: g++    conftest.cpp  >&5
configure:3223: $? = 0
configure:3271: result: yes
configure:3274: checking for C++ compiler default output file name
configure:3276: result: a.out
configure:3282: checking for suffix of executables
configure:3289: g++ -o conftest    conftest.cpp  >&5
configure:3293: $? = 0
configure:3315: result: 
configure:3337: checking whether we are cross compiling
configure:3345: g++ -o conftest    conftest.cpp  >&5
configure:3349: $? = 0
configure:3356: ./conftest
configure:3360: $? = 0
configure:3375: result: no
configure:3380: checking for suffix of object files
configure:3402: g++ -c   conftest.cpp >&5
configure:3406: $? = 0
configure:3427: result: o
configure:3431: checking whether we are using the GNU C++ compiler
configure:3450: g++ -c   conftest.cpp >&5
configure:3450: $? = 0
configure:3459: result: yes
configure:3468: checking whether g++ accepts -g
configure:3488: g++ -c -g  conftest.cpp >&5
configure:3488: $? = 0
configure:3529: result: yes
configure:3563: checking for style of include used by make
configure:3591: result: GNU
configure:3616: checking dependency style of g++
configure:3707: result: gcc3
configure:3770: checking for gcc
configure:3786: found /usr/bin/gcc
configure:3797: result: gcc
configure:4026: checking for C compiler version
configure:4035: gcc --version >&5
gcc (Ubuntu 5.4.0-6ubuntu1~16.04.2) 5.4.0 20160609
Copyright (C) 2015 Free Software Foundation, Inc.
This is free software; see the source for copying conditions.  There is NO
warranty; not even for MERCHANTABILITY or FITNESS FOR A PARTICULAR PURPOSE.

configure:4046: $? = 0
configure:4035: gcc -v >&5
Using built-in specs.
COLLECT_GCC=gcc
COLLECT_LTO_WRAPPER=/usr/lib/gcc/x86_64-linux-gnu/5/lto-wrapper
Target: x86_64-linux-gnu
Configured with: ../src/configure -v --with-pkgversion='Ubuntu 5.4.0-6ubuntu1~16.04.2' --with-bugurl=file:///usr/share/doc/gcc-5/README.Bugs --enable-languages=c,ada,c++,java,go,d,fortran,objc,obj-c++ --prefix=/usr --program-suffix=-5 --enable-shared --enable-linker-build-id --libexecdir=/usr/lib --without-included-gettext --enable-threads=posix --libdir=/usr/lib --enable-nls --with-sysroot=/ --enable-clocale=gnu --enable-libstdcxx-debug --enable-libstdcxx-time=yes --with-default-libstdcxx-abi=new --enable-gnu-unique-object --disable-vtable-verify --enable-libmpx --enable-plugin --with-system-zlib --disable-browser-plugin --enable-java-awt=gtk --enable-gtk-cairo --with-java-home=/usr/lib/jvm/java-1.5.0-gcj-5-amd64/jre --enable-java-home --with-jvm-root-dir=/usr/lib/jvm/java-1.5.0-gcj-5-amd64 --with-jvm-jar-dir=/usr/lib/jvm-exports/java-1.5.0-gcj-5-amd64 --with-arch-directory=amd64 --with-ecj-jar=/usr/share/java/eclipse-ecj.jar --enable-objc-gc --enable-multiarch --disable-werror --with-arch-32=i686 --with-abi=m64 --with-multilib-list=m32,m64,mx32 --enable-multilib --with-tune=generic --enable-checking=release --build=x86_64-linux-gnu --host=x86_64-linux-gnu --target=x86_64-linux-gnu
Thread model: posix
gcc version 5.4.0 20160609 (Ubuntu 5.4.0-6ubuntu1~16.04.2) 
configure:4046: $? = 0
configure:4035: gcc -V >&5
gcc: error: unrecognized command line option '-V'
gcc: fatal error: no input files
compilation terminated.
configure:4046: $? = 1
configure:4035: gcc -qversion >&5
gcc: error: unrecognized command line option '-qversion'
gcc: fatal error: no input files
compilation terminated.
configure:4046: $? = 1
configure:4050: checking whether we are using the GNU C compiler
configure:4069: gcc -c   conftest.c >&5
configure:4069: $? = 0
configure:4078: result: yes
configure:4087: checking whether gcc accepts -g
configure:4107: gcc -c -g  conftest.c >&5
configure:4107: $? = 0
configure:4148: result: yes
configure:4165: checking for gcc option to accept ISO C89
configure:4228: gcc  -c -g -O2  conftest.c >&5
configure:4228: $? = 0
configure:4241: result: none needed
configure:4263: checking dependency style of gcc
configure:4354: result: gcc3
configure:4374: checking how to run the C preprocessor
configure:4405: gcc -E  conftest.c
configure:4405: $? = 0
configure:4419: gcc -E  conftest.c
conftest.c:11:28: fatal error: ac_nonexistent.h: No such file or directory
compilation terminated.
configure:4419: $? = 1
configure: failed program was:
| /* confdefs.h */
| #define PACKAGE_NAME "gflags"
| #define PACKAGE_TARNAME "gflags"
| #define PACKAGE_VERSION "2.0"
| #define PACKAGE_STRING "gflags 2.0"
| #define PACKAGE_BUGREPORT "google-gflags@googlegroups.com"
| #define PACKAGE_URL ""
| #define PACKAGE "gflags"
| #define VERSION "2.0"
| /* end confdefs.h.  */
| #include <ac_nonexistent.h>
configure:4444: result: gcc -E
configure:4464: gcc -E  conftest.c
configure:4464: $? = 0
configure:4478: gcc -E  conftest.c
conftest.c:11:28: fatal error: ac_nonexistent.h: No such file or directory
compilation terminated.
configure:4478: $? = 1
configure: failed program was:
| /* confdefs.h */
| #define PACKAGE_NAME "gflags"
| #define PACKAGE_TARNAME "gflags"
| #define PACKAGE_VERSION "2.0"
| #define PACKAGE_STRING "gflags 2.0"
| #define PACKAGE_BUGREPORT "google-gflags@googlegroups.com"
| #define PACKAGE_URL ""
| #define PACKAGE "gflags"
| #define VERSION "2.0"
| /* end confdefs.h.  */
| #include <ac_nonexistent.h>
configure:4518: checking build system type
configure:4532: result: x86_64-unknown-linux-gnu
configure:4552: checking host system type
configure:4565: result: x86_64-unknown-linux-gnu
configure:4693: checking for a sed that does not truncate output
configure:4757: result: /bin/sed
configure:4775: checking for grep that handles long lines and -e
configure:4833: result: /bin/grep
configure:4838: checking for egrep
configure:4900: result: /bin/grep -E
configure:4905: checking for fgrep
configure:4967: result: /bin/grep -F
configure:5002: checking for ld used by gcc
configure:5069: result: /usr/bin/ld
configure:5076: checking if the linker (/usr/bin/ld) is GNU ld
configure:5091: result: yes
configure:5103: checking for BSD- or MS-compatible name lister (nm)
configure:5152: result: /usr/bin/nm -B
configure:5270: checking the name lister (/usr/bin/nm -B) interface
configure:5277: gcc -c -g -O2  conftest.c >&5
configure:5280: /usr/bin/nm -B "conftest.o"
configure:5283: output
0000000000000000 B some_variable
configure:5290: result: BSD nm
configure:5293: checking whether ln -s works
configure:5297: result: yes
configure:5305: checking the maximum length of command line arguments
configure:5425: result: 1572864
configure:5442: checking whether the shell understands some XSI constructs
configure:5452: result: yes
configure:5456: checking whether the shell understands "+="
configure:5462: result: yes
configure:5497: checking for /usr/bin/ld option to reload object files
configure:5504: result: -r
configure:5573: checking for objdump
configure:5589: found /usr/bin/objdump
configure:5600: result: objdump
configure:5632: checking how to recognize dependent libraries
configure:5828: result: pass_all
configure:5888: checking for ar
configure:5904: found /usr/bin/ar
configure:5915: result: ar
configure:5993: checking for strip
configure:6009: found /usr/bin/strip
configure:6020: result: strip
configure:6092: checking for ranlib
configure:6108: found /usr/bin/ranlib
configure:6119: result: ranlib
configure:6209: checking command to parse /usr/bin/nm -B output from gcc object
configure:6327: gcc -c -g -O2  conftest.c >&5
configure:6330: $? = 0
configure:6334: /usr/bin/nm -B conftest.o \| sed -n -e 's/^.*[	 ]\([ABCDGIRSTW][ABCDGIRSTW]*\)[	 ][	 ]*\([_A-Za-z][_A-Za-z0-9]*\)$/\1 \2 \2/p' \> conftest.nm
configure:6337: $? = 0
configure:6391: gcc -o conftest -g -O2   conftest.c conftstm.o >&5
configure:6394: $? = 0
configure:6432: result: ok
configure:6528: gcc -c -g -O2  conftest.c >&5
configure:6531: $? = 0
configure:7237: checking for ANSI C header files
configure:7257: gcc -c -g -O2  conftest.c >&5
configure:7257: $? = 0
configure:7330: gcc -o conftest -g -O2   conftest.c  >&5
configure:7330: $? = 0
configure:7330: ./conftest
configure:7330: $? = 0
configure:7341: result: yes
configure:7354: checking for sys/types.h
configure:7354: gcc -c -g -O2  conftest.c >&5
configure:7354: $? = 0
configure:7354: result: yes
configure:7354: checking for sys/stat.h
configure:7354: gcc -c -g -O2  conftest.c >&5
configure:7354: $? = 0
configure:7354: result: yes
configure:7354: checking for stdlib.h
configure:7354: gcc -c -g -O2  conftest.c >&5
configure:7354: $? = 0
configure:7354: result: yes
configure:7354: checking for string.h
configure:7354: gcc -c -g -O2  conftest.c >&5
configure:7354: $? = 0
configure:7354: result: yes
configure:7354: checking for memory.h
configure:7354: gcc -c -g -O2  conftest.c >&5
configure:7354: $? = 0
configure:7354: result: yes
configure:7354: checking for strings.h
configure:7354: gcc -c -g -O2  conftest.c >&5
configure:7354: $? = 0
configure:7354: result: yes
configure:7354: checking for inttypes.h
configure:7354: gcc -c -g -O2  conftest.c >&5
configure:7354: $? = 0
configure:7354: result: yes
configure:7354: checking for stdint.h
configure:7354: gcc -c -g -O2  conftest.c >&5
configure:7354: $? = 0
configure:7354: result: yes
configure:7354: checking for unistd.h
configure:7354: gcc -c -g -O2  conftest.c >&5
configure:7354: $? = 0
configure:7354: result: yes
configure:7368: checking for dlfcn.h
configure:7368: gcc -c -g -O2  conftest.c >&5
configure:7368: $? = 0
configure:7368: result: yes
configure:7493: checking for C++ compiler version
configure:7502: g++ --version >&5
g++ (Ubuntu 5.4.0-6ubuntu1~16.04.2) 5.4.0 20160609
Copyright (C) 2015 Free Software Foundation, Inc.
This is free software; see the source for copying conditions.  There is NO
warranty; not even for MERCHANTABILITY or FITNESS FOR A PARTICULAR PURPOSE.

configure:7513: $? = 0
configure:7502: g++ -v >&5
Using built-in specs.
COLLECT_GCC=g++
COLLECT_LTO_WRAPPER=/usr/lib/gcc/x86_64-linux-gnu/5/lto-wrapper
Target: x86_64-linux-gnu
Configured with: ../src/configure -v --with-pkgversion='Ubuntu 5.4.0-6ubuntu1~16.04.2' --with-bugurl=file:///usr/share/doc/gcc-5/README.Bugs --enable-languages=c,ada,c++,java,go,d,fortran,objc,obj-c++ --prefix=/usr --program-suffix=-5 --enable-shared --enable-linker-build-id --libexecdir=/usr/lib --without-included-gettext --enable-threads=posix --libdir=/usr/lib --enable-nls --with-sysroot=/ --enable-clocale=gnu --enable-libstdcxx-debug --enable-libstdcxx-time=yes --with-default-libstdcxx-abi=new --enable-gnu-unique-object --disable-vtable-verify --enable-libmpx --enable-plugin --with-system-zlib --disable-browser-plugin --enable-java-awt=gtk --enable-gtk-cairo --with-java-home=/usr/lib/jvm/java-1.5.0-gcj-5-amd64/jre --enable-java-home --with-jvm-root-dir=/usr/lib/jvm/java-1.5.0-gcj-5-amd64 --with-jvm-jar-dir=/usr/lib/jvm-exports/java-1.5.0-gcj-5-amd64 --with-arch-directory=amd64 --with-ecj-jar=/usr/share/java/eclipse-ecj.jar --enable-objc-gc --enable-multiarch --disable-werror --with-arch-32=i686 --with-abi=m64 --with-multilib-list=m32,m64,mx32 --enable-multilib --with-tune=generic --enable-checking=release --build=x86_64-linux-gnu --host=x86_64-linux-gnu --target=x86_64-linux-gnu
Thread model: posix
gcc version 5.4.0 20160609 (Ubuntu 5.4.0-6ubuntu1~16.04.2) 
configure:7513: $? = 0
configure:7502: g++ -V >&5
g++: error: unrecognized command line option '-V'
g++: fatal error: no input files
compilation terminated.
configure:7513: $? = 1
configure:7502: g++ -qversion >&5
g++: error: unrecognized command line option '-qversion'
g++: fatal error: no input files
compilation terminated.
configure:7513: $? = 1
configure:7517: checking whether we are using the GNU C++ compiler
configure:7545: result: yes
configure:7554: checking whether g++ accepts -g
configure:7615: result: yes
configure:7640: checking dependency style of g++
configure:7731: result: gcc3
configure:7754: checking how to run the C++ preprocessor
configure:7781: g++ -E  conftest.cpp
configure:7781: $? = 0
configure:7795: g++ -E  conftest.cpp
conftest.cpp:22:28: fatal error: ac_nonexistent.h: No such file or directory
compilation terminated.
configure:7795: $? = 1
configure: failed program was:
| /* confdefs.h */
| #define PACKAGE_NAME "gflags"
| #define PACKAGE_TARNAME "gflags"
| #define PACKAGE_VERSION "2.0"
| #define PACKAGE_STRING "gflags 2.0"
| #define PACKAGE_BUGREPORT "google-gflags@googlegroups.com"
| #define PACKAGE_URL ""
| #define PACKAGE "gflags"
| #define VERSION "2.0"
| #define STDC_HEADERS 1
| #define HAVE_SYS_TYPES_H 1
| #define HAVE_SYS_STAT_H 1
| #define HAVE_STDLIB_H 1
| #define HAVE_STRING_H 1
| #define HAVE_MEMORY_H 1
| #define HAVE_STRINGS_H 1
| #define HAVE_INTTYPES_H 1
| #define HAVE_STDINT_H 1
| #define HAVE_UNISTD_H 1
| #define HAVE_DLFCN_H 1
| /* end confdefs.h.  */
| #include <ac_nonexistent.h>
configure:7820: result: g++ -E
configure:7840: g++ -E  conftest.cpp
configure:7840: $? = 0
configure:7854: g++ -E  conftest.cpp
conftest.cpp:22:28: fatal error: ac_nonexistent.h: No such file or directory
compilation terminated.
configure:7854: $? = 1
configure: failed program was:
| /* confdefs.h */
| #define PACKAGE_NAME "gflags"
| #define PACKAGE_TARNAME "gflags"
| #define PACKAGE_VERSION "2.0"
| #define PACKAGE_STRING "gflags 2.0"
| #define PACKAGE_BUGREPORT "google-gflags@googlegroups.com"
| #define PACKAGE_URL ""
| #define PACKAGE "gflags"
| #define VERSION "2.0"
| #define STDC_HEADERS 1
| #define HAVE_SYS_TYPES_H 1
| #define HAVE_SYS_STAT_H 1
| #define HAVE_STDLIB_H 1
| #define HAVE_STRING_H 1
| #define HAVE_MEMORY_H 1
| #define HAVE_STRINGS_H 1
| #define HAVE_INTTYPES_H 1
| #define HAVE_STDINT_H 1
| #define HAVE_UNISTD_H 1
| #define HAVE_DLFCN_H 1
| /* end confdefs.h.  */
| #include <ac_nonexistent.h>
configure:8031: checking for objdir
configure:8046: result: .libs
configure:8342: checking if gcc supports -fno-rtti -fno-exceptions
configure:8360: gcc -c -g -O2  -fno-rtti -fno-exceptions conftest.c >&5
cc1: warning: command line option '-fno-rtti' is valid for C++/ObjC++ but not for C
configure:8364: $? = 0
configure:8377: result: no
configure:8397: checking for gcc option to produce PIC
configure:8669: result: -fPIC -DPIC
configure:8681: checking if gcc PIC flag -fPIC -DPIC works
configure:8699: gcc -c -g -O2  -fPIC -DPIC -DPIC conftest.c >&5
configure:8703: $? = 0
configure:8716: result: yes
configure:8740: checking if gcc static flag -static works
configure:8768: result: yes
configure:8783: checking if gcc supports -c -o file.o
configure:8804: gcc -c -g -O2  -o out/conftest2.o conftest.c >&5
configure:8808: $? = 0
configure:8830: result: yes
configure:8838: checking if gcc supports -c -o file.o
configure:8885: result: yes
configure:8918: checking whether the gcc linker (/usr/bin/ld -m elf_x86_64) supports shared libraries
configure:9909: result: yes
configure:10148: checking dynamic linker characteristics
configure:10581: gcc -o conftest -g -O2   -Wl,-rpath -Wl,/foo conftest.c  >&5
configure:10581: $? = 0
configure:10811: result: GNU/Linux ld.so
configure:10913: checking how to hardcode library paths into programs
configure:10938: result: immediate
configure:11458: checking whether stripping libraries is possible
configure:11463: result: yes
configure:11498: checking if libtool supports shared libraries
configure:11500: result: yes
configure:11503: checking whether to build shared libraries
configure:11524: result: no
configure:11527: checking whether to build static libraries
configure:11531: result: yes
configure:11681: checking for ld used by g++
configure:11748: result: /usr/bin/ld -m elf_x86_64
configure:11755: checking if the linker (/usr/bin/ld -m elf_x86_64) is GNU ld
configure:11770: result: yes
configure:11825: checking whether the g++ linker (/usr/bin/ld -m elf_x86_64) supports shared libraries
configure:12738: result: yes
configure:12766: g++ -c -g -O2  conftest.cpp >&5
configure:12769: $? = 0
configure:12951: checking for g++ option to produce PIC
configure:13268: result: -fPIC -DPIC
configure:13277: checking if g++ PIC flag -fPIC -DPIC works
configure:13295: g++ -c -g -O2  -fPIC -DPIC -DPIC conftest.cpp >&5
configure:13299: $? = 0
configure:13312: result: yes
configure:13333: checking if g++ static flag -static works
configure:13361: result: yes
configure:13373: checking if g++ supports -c -o file.o
configure:13394: g++ -c -g -O2  -o out/conftest2.o conftest.cpp >&5
configure:13398: $? = 0
configure:13420: result: yes
configure:13425: checking if g++ supports -c -o file.o
configure:13472: result: yes
configure:13502: checking whether the g++ linker (/usr/bin/ld -m elf_x86_64) supports shared libraries
configure:13531: result: yes
configure:13668: checking dynamic linker characteristics
configure:14049: g++ -o conftest -g -O2   -Wl,-rpath -Wl,/foo conftest.cpp  >&5
configure:14049: $? = 0
configure:14279: result: GNU/Linux ld.so
configure:14330: checking how to hardcode library paths into programs
configure:14355: result: immediate
configure:14417: checking for ANSI C header files
configure:14521: result: yes
configure:14531: checking for stdint.h
configure:14531: result: yes
configure:14539: checking for sys/types.h
configure:14539: result: yes
configure:14547: checking for inttypes.h
configure:14547: result: yes
configure:14557: checking fnmatch.h usability
configure:14557: gcc -c -g -O2  conftest.c >&5
configure:14557: $? = 0
configure:14557: result: yes
configure:14557: checking fnmatch.h presence
configure:14557: gcc -E  conftest.c
configure:14557: $? = 0
configure:14557: result: yes
configure:14557: checking for fnmatch.h
configure:14557: result: yes
configure:14569: checking for sys/stat.h
configure:14569: result: yes
configure:14581: checking for unistd.h
configure:14581: result: yes
configure:14594: checking for uint16_t
configure:14594: gcc -c -g -O2  conftest.c >&5
configure:14594: $? = 0
configure:14594: gcc -c -g -O2  conftest.c >&5
conftest.c: In function 'main':
conftest.c:63:23: error: expected expression before ')' token
 if (sizeof ((uint16_t)))
                       ^
configure:14594: $? = 1
configure: failed program was:
| /* confdefs.h */
| #define PACKAGE_NAME "gflags"
| #define PACKAGE_TARNAME "gflags"
| #define PACKAGE_VERSION "2.0"
| #define PACKAGE_STRING "gflags 2.0"
| #define PACKAGE_BUGREPORT "google-gflags@googlegroups.com"
| #define PACKAGE_URL ""
| #define PACKAGE "gflags"
| #define VERSION "2.0"
| #define STDC_HEADERS 1
| #define HAVE_SYS_TYPES_H 1
| #define HAVE_SYS_STAT_H 1
| #define HAVE_STDLIB_H 1
| #define HAVE_STRING_H 1
| #define HAVE_MEMORY_H 1
| #define HAVE_STRINGS_H 1
| #define HAVE_INTTYPES_H 1
| #define HAVE_STDINT_H 1
| #define HAVE_UNISTD_H 1
| #define HAVE_DLFCN_H 1
| #define LT_OBJDIR ".libs/"
| #define STDC_HEADERS 1
| #define HAVE_FNMATCH_H 1
| #define HAVE_SYS_STAT_H 1
| #define HAVE_UNISTD_H 1
| /* end confdefs.h.  */
| #include <stdio.h>
| #ifdef HAVE_SYS_TYPES_H
| # include <sys/types.h>
| #endif
| #ifdef HAVE_SYS_STAT_H
| # include <sys/stat.h>
| #endif
| #ifdef STDC_HEADERS
| # include <stdlib.h>
| # include <stddef.h>
| #else
| # ifdef HAVE_STDLIB_H
| #  include <stdlib.h>
| # endif
| #endif
| #ifdef HAVE_STRING_H
| # if !defined STDC_HEADERS && defined HAVE_MEMORY_H
| #  include <memory.h>
| # endif
| # include <string.h>
| #endif
| #ifdef HAVE_STRINGS_H
| # include <strings.h>
| #endif
| #ifdef HAVE_INTTYPES_H
| # include <inttypes.h>
| #endif
| #ifdef HAVE_STDINT_H
| # include <stdint.h>
| #endif
| #ifdef HAVE_UNISTD_H
| # include <unistd.h>
| #endif
| int
| main ()
| {
| if (sizeof ((uint16_t)))
| 	    return 0;
|   ;
|   return 0;
| }
configure:14594: result: yes
configure:14601: checking for u_int16_t
configure:14601: gcc -c -g -O2  conftest.c >&5
configure:14601: $? = 0
configure:14601: gcc -c -g -O2  conftest.c >&5
conftest.c: In function 'main':
conftest.c:63:24: error: expected expression before ')' token
 if (sizeof ((u_int16_t)))
                        ^
configure:14601: $? = 1
configure: failed program was:
| /* confdefs.h */
| #define PACKAGE_NAME "gflags"
| #define PACKAGE_TARNAME "gflags"
| #define PACKAGE_VERSION "2.0"
| #define PACKAGE_STRING "gflags 2.0"
| #define PACKAGE_BUGREPORT "google-gflags@googlegroups.com"
| #define PACKAGE_URL ""
| #define PACKAGE "gflags"
| #define VERSION "2.0"
| #define STDC_HEADERS 1
| #define HAVE_SYS_TYPES_H 1
| #define HAVE_SYS_STAT_H 1
| #define HAVE_STDLIB_H 1
| #define HAVE_STRING_H 1
| #define HAVE_MEMORY_H 1
| #define HAVE_STRINGS_H 1
| #define HAVE_INTTYPES_H 1
| #define HAVE_STDINT_H 1
| #define HAVE_UNISTD_H 1
| #define HAVE_DLFCN_H 1
| #define LT_OBJDIR ".libs/"
| #define STDC_HEADERS 1
| #define HAVE_FNMATCH_H 1
| #define HAVE_SYS_STAT_H 1
| #define HAVE_UNISTD_H 1
| /* end confdefs.h.  */
| #include <stdio.h>
| #ifdef HAVE_SYS_TYPES_H
| # include <sys/types.h>
| #endif
| #ifdef HAVE_SYS_STAT_H
| # include <sys/stat.h>
| #endif
| #ifdef STDC_HEADERS
| # include <stdlib.h>
| # include <stddef.h>
| #else
| # ifdef HAVE_STDLIB_H
| #  include <stdlib.h>
| # endif
| #endif
| #ifdef HAVE_STRING_H
| # if !defined STDC_HEADERS && defined HAVE_MEMORY_H
| #  include <memory.h>
| # endif
| # include <string.h>
| #endif
| #ifdef HAVE_STRINGS_H
| # include <strings.h>
| #endif
| #ifdef HAVE_INTTYPES_H
| # include <inttypes.h>
| #endif
| #ifdef HAVE_STDINT_H
| # include <stdint.h>
| #endif
| #ifdef HAVE_UNISTD_H
| # include <unistd.h>
| #endif
| int
| main ()
| {
| if (sizeof ((u_int16_t)))
| 	    return 0;
|   ;
|   return 0;
| }
configure:14601: result: yes
configure:14608: checking for __int16
configure:14608: gcc -c -g -O2  conftest.c >&5
conftest.c: In function 'main':
conftest.c:63:13: error: '__int16' undeclared (first use in this function)
 if (sizeof (__int16))
             ^
conftest.c:63:13: note: each undeclared identifier is reported only once for each function it appears in
configure:14608: $? = 1
configure: failed program was:
| /* confdefs.h */
| #define PACKAGE_NAME "gflags"
| #define PACKAGE_TARNAME "gflags"
| #define PACKAGE_VERSION "2.0"
| #define PACKAGE_STRING "gflags 2.0"
| #define PACKAGE_BUGREPORT "google-gflags@googlegroups.com"
| #define PACKAGE_URL ""
| #define PACKAGE "gflags"
| #define VERSION "2.0"
| #define STDC_HEADERS 1
| #define HAVE_SYS_TYPES_H 1
| #define HAVE_SYS_STAT_H 1
| #define HAVE_STDLIB_H 1
| #define HAVE_STRING_H 1
| #define HAVE_MEMORY_H 1
| #define HAVE_STRINGS_H 1
| #define HAVE_INTTYPES_H 1
| #define HAVE_STDINT_H 1
| #define HAVE_UNISTD_H 1
| #define HAVE_DLFCN_H 1
| #define LT_OBJDIR ".libs/"
| #define STDC_HEADERS 1
| #define HAVE_FNMATCH_H 1
| #define HAVE_SYS_STAT_H 1
| #define HAVE_UNISTD_H 1
| /* end confdefs.h.  */
| #include <stdio.h>
| #ifdef HAVE_SYS_TYPES_H
| # include <sys/types.h>
| #endif
| #ifdef HAVE_SYS_STAT_H
| # include <sys/stat.h>
| #endif
| #ifdef STDC_HEADERS
| # include <stdlib.h>
| # include <stddef.h>
| #else
| # ifdef HAVE_STDLIB_H
| #  include <stdlib.h>
| # endif
| #endif
| #ifdef HAVE_STRING_H
| # if !defined STDC_HEADERS && defined HAVE_MEMORY_H
| #  include <memory.h>
| # endif
| # include <string.h>
| #endif
| #ifdef HAVE_STRINGS_H
| # include <strings.h>
| #endif
| #ifdef HAVE_INTTYPES_H
| # include <inttypes.h>
| #endif
| #ifdef HAVE_STDINT_H
| # include <stdint.h>
| #endif
| #ifdef HAVE_UNISTD_H
| # include <unistd.h>
| #endif
| int
| main ()
| {
| if (sizeof (__int16))
| 	 return 0;
|   ;
|   return 0;
| }
configure:14608: result: no
configure:14619: checking for strtoll
configure:14619: gcc -o conftest -g -O2   conftest.c  >&5
configure:14619: $? = 0
configure:14619: result: yes
configure:14619: checking for strtoq
configure:14619: gcc -o conftest -g -O2   conftest.c  >&5
configure:14619: $? = 0
configure:14619: result: yes
configure:14630: checking for __attribute__
configure:14649: gcc -c -g -O2  conftest.c >&5
configure:14649: $? = 0
configure:14663: result: yes
configure:14838: checking for the pthreads library -lpthreads
configure:14871: gcc -o conftest -g -O2    conftest.c -lpthreads  >&5
conftest.c: In function 'main':
conftest.c:35:22: warning: null argument where non-null required (argument 1) [-Wnonnull]
                      pthread_attr_init(0); pthread_cleanup_push(0, 0);
                      ^
conftest.c:36:22: warning: null argument where non-null required (argument 1) [-Wnonnull]
                      pthread_create(0,0,0,0); pthread_cleanup_pop(0);
                      ^
conftest.c:36:22: warning: null argument where non-null required (argument 3) [-Wnonnull]
/usr/bin/ld: cannot find -lpthreads
collect2: error: ld returned 1 exit status
configure:14871: $? = 1
configure: failed program was:
| /* confdefs.h */
| #define PACKAGE_NAME "gflags"
| #define PACKAGE_TARNAME "gflags"
| #define PACKAGE_VERSION "2.0"
| #define PACKAGE_STRING "gflags 2.0"
| #define PACKAGE_BUGREPORT "google-gflags@googlegroups.com"
| #define PACKAGE_URL ""
| #define PACKAGE "gflags"
| #define VERSION "2.0"
| #define STDC_HEADERS 1
| #define HAVE_SYS_TYPES_H 1
| #define HAVE_SYS_STAT_H 1
| #define HAVE_STDLIB_H 1
| #define HAVE_STRING_H 1
| #define HAVE_MEMORY_H 1
| #define HAVE_STRINGS_H 1
| #define HAVE_INTTYPES_H 1
| #define HAVE_STDINT_H 1
| #define HAVE_UNISTD_H 1
| #define HAVE_DLFCN_H 1
| #define LT_OBJDIR ".libs/"
| #define STDC_HEADERS 1
| #define HAVE_FNMATCH_H 1
| #define HAVE_SYS_STAT_H 1
| #define HAVE_UNISTD_H 1
| #define HAVE_STRTOLL 1
| #define HAVE_STRTOQ 1
| #define HAVE___ATTRIBUTE__ 1
| /* end confdefs.h.  */
| #include <pthread.h>
| int
| main ()
| {
| pthread_t th; pthread_join(th, 0);
|                      pthread_attr_init(0); pthread_cleanup_push(0, 0);
|                      pthread_create(0,0,0,0); pthread_cleanup_pop(0);
|   ;
|   return 0;
| }
configure:14880: result: no
configure:14783: checking whether pthreads work without any flags
configure:14871: gcc -o conftest -g -O2    conftest.c   >&5
conftest.c: In function 'main':
conftest.c:35:22: warning: null argument where non-null required (argument 1) [-Wnonnull]
                      pthread_attr_init(0); pthread_cleanup_push(0, 0);
                      ^
conftest.c:36:22: warning: null argument where non-null required (argument 1) [-Wnonnull]
                      pthread_create(0,0,0,0); pthread_cleanup_pop(0);
                      ^
conftest.c:36:22: warning: null argument where non-null required (argument 3) [-Wnonnull]
/tmp/ccdJcTMr.o: In function `main':
/home/pang/git/gitlib/tmp/nal2yuv2jpg/3rd/gflags/src/conftest.c:34: undefined reference to `pthread_join'
/home/pang/git/gitlib/tmp/nal2yuv2jpg/3rd/gflags/src/conftest.c:35: undefined reference to `__pthread_register_cancel'
/home/pang/git/gitlib/tmp/nal2yuv2jpg/3rd/gflags/src/conftest.c:36: undefined reference to `pthread_create'
/home/pang/git/gitlib/tmp/nal2yuv2jpg/3rd/gflags/src/conftest.c:36: undefined reference to `__pthread_unregister_cancel'
collect2: error: ld returned 1 exit status
configure:14871: $? = 1
configure: failed program was:
| /* confdefs.h */
| #define PACKAGE_NAME "gflags"
| #define PACKAGE_TARNAME "gflags"
| #define PACKAGE_VERSION "2.0"
| #define PACKAGE_STRING "gflags 2.0"
| #define PACKAGE_BUGREPORT "google-gflags@googlegroups.com"
| #define PACKAGE_URL ""
| #define PACKAGE "gflags"
| #define VERSION "2.0"
| #define STDC_HEADERS 1
| #define HAVE_SYS_TYPES_H 1
| #define HAVE_SYS_STAT_H 1
| #define HAVE_STDLIB_H 1
| #define HAVE_STRING_H 1
| #define HAVE_MEMORY_H 1
| #define HAVE_STRINGS_H 1
| #define HAVE_INTTYPES_H 1
| #define HAVE_STDINT_H 1
| #define HAVE_UNISTD_H 1
| #define HAVE_DLFCN_H 1
| #define LT_OBJDIR ".libs/"
| #define STDC_HEADERS 1
| #define HAVE_FNMATCH_H 1
| #define HAVE_SYS_STAT_H 1
| #define HAVE_UNISTD_H 1
| #define HAVE_STRTOLL 1
| #define HAVE_STRTOQ 1
| #define HAVE___ATTRIBUTE__ 1
| /* end confdefs.h.  */
| #include <pthread.h>
| int
| main ()
| {
| pthread_t th; pthread_join(th, 0);
|                      pthread_attr_init(0); pthread_cleanup_push(0, 0);
|                      pthread_create(0,0,0,0); pthread_cleanup_pop(0);
|   ;
|   return 0;
| }
configure:14880: result: no
configure:14788: checking whether pthreads work with -Kthread
configure:14871: gcc -o conftest -g -O2 -Kthread   conftest.c   >&5
gcc: error: unrecognized command line option '-Kthread'
configure:14871: $? = 1
configure: failed program was:
| /* confdefs.h */
| #define PACKAGE_NAME "gflags"
| #define PACKAGE_TARNAME "gflags"
| #define PACKAGE_VERSION "2.0"
| #define PACKAGE_STRING "gflags 2.0"
| #define PACKAGE_BUGREPORT "google-gflags@googlegroups.com"
| #define PACKAGE_URL ""
| #define PACKAGE "gflags"
| #define VERSION "2.0"
| #define STDC_HEADERS 1
| #define HAVE_SYS_TYPES_H 1
| #define HAVE_SYS_STAT_H 1
| #define HAVE_STDLIB_H 1
| #define HAVE_STRING_H 1
| #define HAVE_MEMORY_H 1
| #define HAVE_STRINGS_H 1
| #define HAVE_INTTYPES_H 1
| #define HAVE_STDINT_H 1
| #define HAVE_UNISTD_H 1
| #define HAVE_DLFCN_H 1
| #define LT_OBJDIR ".libs/"
| #define STDC_HEADERS 1
| #define HAVE_FNMATCH_H 1
| #define HAVE_SYS_STAT_H 1
| #define HAVE_UNISTD_H 1
| #define HAVE_STRTOLL 1
| #define HAVE_STRTOQ 1
| #define HAVE___ATTRIBUTE__ 1
| /* end confdefs.h.  */
| #include <pthread.h>
| int
| main ()
| {
| pthread_t th; pthread_join(th, 0);
|                      pthread_attr_init(0); pthread_cleanup_push(0, 0);
|                      pthread_create(0,0,0,0); pthread_cleanup_pop(0);
|   ;
|   return 0;
| }
configure:14880: result: no
configure:14788: checking whether pthreads work with -kthread
configure:14871: gcc -o conftest -g -O2 -kthread   conftest.c   >&5
gcc: error: unrecognized command line option '-kthread'
configure:14871: $? = 1
configure: failed program was:
| /* confdefs.h */
| #define PACKAGE_NAME "gflags"
| #define PACKAGE_TARNAME "gflags"
| #define PACKAGE_VERSION "2.0"
| #define PACKAGE_STRING "gflags 2.0"
| #define PACKAGE_BUGREPORT "google-gflags@googlegroups.com"
| #define PACKAGE_URL ""
| #define PACKAGE "gflags"
| #define VERSION "2.0"
| #define STDC_HEADERS 1
| #define HAVE_SYS_TYPES_H 1
| #define HAVE_SYS_STAT_H 1
| #define HAVE_STDLIB_H 1
| #define HAVE_STRING_H 1
| #define HAVE_MEMORY_H 1
| #define HAVE_STRINGS_H 1
| #define HAVE_INTTYPES_H 1
| #define HAVE_STDINT_H 1
| #define HAVE_UNISTD_H 1
| #define HAVE_DLFCN_H 1
| #define LT_OBJDIR ".libs/"
| #define STDC_HEADERS 1
| #define HAVE_FNMATCH_H 1
| #define HAVE_SYS_STAT_H 1
| #define HAVE_UNISTD_H 1
| #define HAVE_STRTOLL 1
| #define HAVE_STRTOQ 1
| #define HAVE___ATTRIBUTE__ 1
| /* end confdefs.h.  */
| #include <pthread.h>
| int
| main ()
| {
| pthread_t th; pthread_join(th, 0);
|                      pthread_attr_init(0); pthread_cleanup_push(0, 0);
|                      pthread_create(0,0,0,0); pthread_cleanup_pop(0);
|   ;
|   return 0;
| }
configure:14880: result: no
configure:14838: checking for the pthreads library -llthread
configure:14871: gcc -o conftest -g -O2    conftest.c -llthread  >&5
conftest.c: In function 'main':
conftest.c:35:22: warning: null argument where non-null required (argument 1) [-Wnonnull]
                      pthread_attr_init(0); pthread_cleanup_push(0, 0);
                      ^
conftest.c:36:22: warning: null argument where non-null required (argument 1) [-Wnonnull]
                      pthread_create(0,0,0,0); pthread_cleanup_pop(0);
                      ^
conftest.c:36:22: warning: null argument where non-null required (argument 3) [-Wnonnull]
/usr/bin/ld: cannot find -llthread
collect2: error: ld returned 1 exit status
configure:14871: $? = 1
configure: failed program was:
| /* confdefs.h */
| #define PACKAGE_NAME "gflags"
| #define PACKAGE_TARNAME "gflags"
| #define PACKAGE_VERSION "2.0"
| #define PACKAGE_STRING "gflags 2.0"
| #define PACKAGE_BUGREPORT "google-gflags@googlegroups.com"
| #define PACKAGE_URL ""
| #define PACKAGE "gflags"
| #define VERSION "2.0"
| #define STDC_HEADERS 1
| #define HAVE_SYS_TYPES_H 1
| #define HAVE_SYS_STAT_H 1
| #define HAVE_STDLIB_H 1
| #define HAVE_STRING_H 1
| #define HAVE_MEMORY_H 1
| #define HAVE_STRINGS_H 1
| #define HAVE_INTTYPES_H 1
| #define HAVE_STDINT_H 1
| #define HAVE_UNISTD_H 1
| #define HAVE_DLFCN_H 1
| #define LT_OBJDIR ".libs/"
| #define STDC_HEADERS 1
| #define HAVE_FNMATCH_H 1
| #define HAVE_SYS_STAT_H 1
| #define HAVE_UNISTD_H 1
| #define HAVE_STRTOLL 1
| #define HAVE_STRTOQ 1
| #define HAVE___ATTRIBUTE__ 1
| /* end confdefs.h.  */
| #include <pthread.h>
| int
| main ()
| {
| pthread_t th; pthread_join(th, 0);
|                      pthread_attr_init(0); pthread_cleanup_push(0, 0);
|                      pthread_create(0,0,0,0); pthread_cleanup_pop(0);
|   ;
|   return 0;
| }
configure:14880: result: no
configure:14788: checking whether pthreads work with -pthread
configure:14871: gcc -o conftest -g -O2 -pthread   conftest.c   >&5
conftest.c: In function 'main':
conftest.c:35:22: warning: null argument where non-null required (argument 1) [-Wnonnull]
                      pthread_attr_init(0); pthread_cleanup_push(0, 0);
                      ^
conftest.c:36:22: warning: null argument where non-null required (argument 1) [-Wnonnull]
                      pthread_create(0,0,0,0); pthread_cleanup_pop(0);
                      ^
conftest.c:36:22: warning: null argument where non-null required (argument 3) [-Wnonnull]
configure:14871: $? = 0
configure:14880: result: yes
configure:14899: checking for joinable pthread attribute
configure:14914: gcc -o conftest -g -O2 -pthread   conftest.c   >&5
configure:14914: $? = 0
configure:14920: result: PTHREAD_CREATE_JOINABLE
configure:14930: checking if more special flags are required for pthreads
configure:14937: result: no
configure:15026: checking whether to check for GCC pthread/shared inconsistencies
configure:15039: gcc -o conftest -shared -fPIC -Wl,-z,defs -g -O2 -pthread   conftest.c   >&5
configure:15039: $? = 0
configure:15051: result: yes
configure:15057: checking whether -pthread is sufficient with -shared
configure:15072: gcc -o conftest -shared -fPIC -Wl,-z,defs -g -O2 -pthread   conftest.c   >&5
conftest.c: In function 'main':
conftest.c:35:8: warning: null argument where non-null required (argument 1) [-Wnonnull]
        pthread_attr_init(0); pthread_cleanup_push(0, 0);
        ^
conftest.c:36:8: warning: null argument where non-null required (argument 1) [-Wnonnull]
        pthread_create(0,0,0,0); pthread_cleanup_pop(0);
        ^
conftest.c:36:8: warning: null argument where non-null required (argument 3) [-Wnonnull]
configure:15072: $? = 0
configure:15079: result: yes
configure:15167: checking whether what we have so far is sufficient with -nostdlib
configure:15185: gcc -o conftest -nostdlib -shared -fPIC -Wl,-z,defs -g -O2 -pthread   conftest.c   -lc >&5
conftest.c: In function 'main':
conftest.c:35:9: warning: null argument where non-null required (argument 1) [-Wnonnull]
         pthread_attr_init(0); pthread_cleanup_push(0, 0);
         ^
conftest.c:36:9: warning: null argument where non-null required (argument 1) [-Wnonnull]
         pthread_create(0,0,0,0); pthread_cleanup_pop(0);
         ^
conftest.c:36:9: warning: null argument where non-null required (argument 3) [-Wnonnull]
/tmp/ccpWEj3H.o: In function `main':
/home/pang/git/gitlib/tmp/nal2yuv2jpg/3rd/gflags/src/conftest.c:34: undefined reference to `pthread_join'
/home/pang/git/gitlib/tmp/nal2yuv2jpg/3rd/gflags/src/conftest.c:35: undefined reference to `__pthread_register_cancel'
/home/pang/git/gitlib/tmp/nal2yuv2jpg/3rd/gflags/src/conftest.c:36: undefined reference to `pthread_create'
/home/pang/git/gitlib/tmp/nal2yuv2jpg/3rd/gflags/src/conftest.c:36: undefined reference to `__pthread_unregister_cancel'
collect2: error: ld returned 1 exit status
configure:15185: $? = 1
configure: failed program was:
| /* confdefs.h */
| #define PACKAGE_NAME "gflags"
| #define PACKAGE_TARNAME "gflags"
| #define PACKAGE_VERSION "2.0"
| #define PACKAGE_STRING "gflags 2.0"
| #define PACKAGE_BUGREPORT "google-gflags@googlegroups.com"
| #define PACKAGE_URL ""
| #define PACKAGE "gflags"
| #define VERSION "2.0"
| #define STDC_HEADERS 1
| #define HAVE_SYS_TYPES_H 1
| #define HAVE_SYS_STAT_H 1
| #define HAVE_STDLIB_H 1
| #define HAVE_STRING_H 1
| #define HAVE_MEMORY_H 1
| #define HAVE_STRINGS_H 1
| #define HAVE_INTTYPES_H 1
| #define HAVE_STDINT_H 1
| #define HAVE_UNISTD_H 1
| #define HAVE_DLFCN_H 1
| #define LT_OBJDIR ".libs/"
| #define STDC_HEADERS 1
| #define HAVE_FNMATCH_H 1
| #define HAVE_SYS_STAT_H 1
| #define HAVE_UNISTD_H 1
| #define HAVE_STRTOLL 1
| #define HAVE_STRTOQ 1
| #define HAVE___ATTRIBUTE__ 1
| /* end confdefs.h.  */
| #include <pthread.h>
| int
| main ()
| {
| pthread_t th; pthread_join(th, 0);
| 	       pthread_attr_init(0); pthread_cleanup_push(0, 0);
| 	       pthread_create(0,0,0,0); pthread_cleanup_pop(0);
|   ;
|   return 0;
| }
configure:15197: result: no
configure:15202: checking whether -lpthread saves the day
configure:15218: gcc -o conftest -nostdlib -shared -fPIC -Wl,-z,defs -g -O2 -pthread   conftest.c -lpthread   -lc >&5
conftest.c: In function 'main':
conftest.c:35:9: warning: null argument where non-null required (argument 1) [-Wnonnull]
         pthread_attr_init(0); pthread_cleanup_push(0, 0);
         ^
conftest.c:36:9: warning: null argument where non-null required (argument 1) [-Wnonnull]
         pthread_create(0,0,0,0); pthread_cleanup_pop(0);
         ^
conftest.c:36:9: warning: null argument where non-null required (argument 3) [-Wnonnull]
configure:15218: $? = 0
configure:15227: result: yes
configure:15269: checking whether the compiler implements namespaces
configure:15293: g++ -c -g -O2  conftest.cpp >&5
configure:15293: $? = 0
configure:15306: result: yes
configure:15313: checking what namespace STL code is in
configure:15337: g++ -c -g -O2  conftest.cpp >&5
conftest.cpp: In function 'int main()':
conftest.cpp:36:1: error: 'vector' was not declared in this scope
 vector<int> t; return 0;
 ^
conftest.cpp:36:1: note: suggested alternative:
In file included from /usr/include/c++/5/vector:64:0,
                 from conftest.cpp:32:
/usr/include/c++/5/bits/stl_vector.h:214:11: note:   'std::vector'
     class vector : protected _Vector_base<_Tp, _Alloc>
           ^
conftest.cpp:36:8: error: expected primary-expression before 'int'
 vector<int> t; return 0;
        ^
configure:15337: $? = 1
configure: failed program was:
| /* confdefs.h */
| #define PACKAGE_NAME "gflags"
| #define PACKAGE_TARNAME "gflags"
| #define PACKAGE_VERSION "2.0"
| #define PACKAGE_STRING "gflags 2.0"
| #define PACKAGE_BUGREPORT "google-gflags@googlegroups.com"
| #define PACKAGE_URL ""
| #define PACKAGE "gflags"
| #define VERSION "2.0"
| #define STDC_HEADERS 1
| #define HAVE_SYS_TYPES_H 1
| #define HAVE_SYS_STAT_H 1
| #define HAVE_STDLIB_H 1
| #define HAVE_STRING_H 1
| #define HAVE_MEMORY_H 1
| #define HAVE_STRINGS_H 1
| #define HAVE_INTTYPES_H 1
| #define HAVE_STDINT_H 1
| #define HAVE_UNISTD_H 1
| #define HAVE_DLFCN_H 1
| #define LT_OBJDIR ".libs/"
| #define STDC_HEADERS 1
| #define HAVE_FNMATCH_H 1
| #define HAVE_SYS_STAT_H 1
| #define HAVE_UNISTD_H 1
| #define HAVE_STRTOLL 1
| #define HAVE_STRTOQ 1
| #define HAVE___ATTRIBUTE__ 1
| #define HAVE_PTHREAD 1
| #define HAVE_NAMESPACES 1
| /* end confdefs.h.  */
| #include <vector>
| int
| main ()
| {
| vector<int> t; return 0;
|   ;
|   return 0;
| }
configure:15352: g++ -c -g -O2  conftest.cpp >&5
configure:15352: $? = 0
configure:15363: result: std
configure:15581: creating ./config.status

## ---------------------- ##
## Running config.status. ##
## ---------------------- ##

This file was extended by gflags config.status 2.0, which was
generated by GNU Autoconf 2.69.  Invocation command line was

  CONFIG_FILES    = 
  CONFIG_HEADERS  = 
  CONFIG_LINKS    = 
  CONFIG_COMMANDS = 
  $ ./config.status 

on pang-Yue

config.status:1157: creating Makefile
config.status:1157: creating src/gflags/gflags.h
config.status:1157: creating src/gflags/gflags_declare.h
config.status:1157: creating src/gflags/gflags_completions.h
config.status:1157: creating src/config.h
config.status:1338: src/config.h is unchanged
config.status:1386: executing depfiles commands
config.status:1386: executing libtool commands

## ---------------- ##
## Cache variables. ##
## ---------------- ##

ac_cv___attribute__=yes
ac_cv___attribute__unused='__attribute__ ((unused))'
ac_cv_build=x86_64-unknown-linux-gnu
ac_cv_c_compiler_gnu=yes
ac_cv_cxx_compiler_gnu=yes
ac_cv_cxx_namespaces=yes
ac_cv_cxx_stl_namespace=std
ac_cv_env_CCC_set=
ac_cv_env_CCC_value=
ac_cv_env_CC_set=
ac_cv_env_CC_value=
ac_cv_env_CFLAGS_set=
ac_cv_env_CFLAGS_value=
ac_cv_env_CPPFLAGS_set=
ac_cv_env_CPPFLAGS_value=
ac_cv_env_CPP_set=
ac_cv_env_CPP_value=
ac_cv_env_CXXCPP_set=
ac_cv_env_CXXCPP_value=
ac_cv_env_CXXFLAGS_set=
ac_cv_env_CXXFLAGS_value=
ac_cv_env_CXX_set=
ac_cv_env_CXX_value=
ac_cv_env_LDFLAGS_set=
ac_cv_env_LDFLAGS_value=
ac_cv_env_LIBS_set=
ac_cv_env_LIBS_value=
ac_cv_env_build_alias_set=
ac_cv_env_build_alias_value=
ac_cv_env_host_alias_set=
ac_cv_env_host_alias_value=
ac_cv_env_target_alias_set=
ac_cv_env_target_alias_value=
ac_cv_func_strtoll=yes
ac_cv_func_strtoq=yes
ac_cv_have___int16=0
ac_cv_have_inttypes_h=1
ac_cv_have_stdint_h=1
ac_cv_have_systypes_h=1
ac_cv_have_u_int16_t=1
ac_cv_have_uint16_t=1
ac_cv_header_dlfcn_h=yes
ac_cv_header_fnmatch_h=yes
ac_cv_header_inttypes_h=yes
ac_cv_header_memory_h=yes
ac_cv_header_stdc=yes
ac_cv_header_stdint_h=yes
ac_cv_header_stdlib_h=yes
ac_cv_header_string_h=yes
ac_cv_header_strings_h=yes
ac_cv_header_sys_stat_h=yes
ac_cv_header_sys_types_h=yes
ac_cv_header_unistd_h=yes
ac_cv_host=x86_64-unknown-linux-gnu
ac_cv_objext=o
ac_cv_path_EGREP='/bin/grep -E'
ac_cv_path_FGREP='/bin/grep -F'
ac_cv_path_GREP=/bin/grep
ac_cv_path_SED=/bin/sed
ac_cv_path_install='/usr/bin/install -c'
ac_cv_path_mkdir=/bin/mkdir
ac_cv_prog_AWK=mawk
ac_cv_prog_CPP='gcc -E'
ac_cv_prog_CXXCPP='g++ -E'
ac_cv_prog_ac_ct_AR=ar
ac_cv_prog_ac_ct_CC=gcc
ac_cv_prog_ac_ct_CXX=g++
ac_cv_prog_ac_ct_OBJDUMP=objdump
ac_cv_prog_ac_ct_RANLIB=ranlib
ac_cv_prog_ac_ct_STRIP=strip
ac_cv_prog_cc_c89=
ac_cv_prog_cc_g=yes
ac_cv_prog_cxx_g=yes
ac_cv_prog_make_make_set=yes
ac_cv_type___int16=no
ac_cv_type_u_int16_t=yes
ac_cv_type_uint16_t=yes
am_cv_CC_dependencies_compiler_type=gcc3
am_cv_CXX_dependencies_compiler_type=gcc3
lt_cv_deplibs_check_method=pass_all
lt_cv_file_magic_cmd='$MAGIC_CMD'
lt_cv_file_magic_test_file=
lt_cv_ld_reload_flag=-r
lt_cv_nm_interface='BSD nm'
lt_cv_objdir=.libs
lt_cv_path_LD=/usr/bin/ld
lt_cv_path_LDCXX='/usr/bin/ld -m elf_x86_64'
lt_cv_path_NM='/usr/bin/nm -B'
lt_cv_prog_compiler_c_o=yes
lt_cv_prog_compiler_c_o_CXX=yes
lt_cv_prog_compiler_pic_works=yes
lt_cv_prog_compiler_pic_works_CXX=yes
lt_cv_prog_compiler_rtti_exceptions=no
lt_cv_prog_compiler_static_works=yes
lt_cv_prog_compiler_static_works_CXX=yes
lt_cv_prog_gnu_ld=yes
lt_cv_prog_gnu_ldcxx=yes
lt_cv_sys_global_symbol_pipe='sed -n -e '\''s/^.*[	 ]\([ABCDGIRSTW][ABCDGIRSTW]*\)[	 ][	 ]*\([_A-Za-z][_A-Za-z0-9]*\)$/\1 \2 \2/p'\'''
lt_cv_sys_global_symbol_to_c_name_address='sed -n -e '\''s/^: \([^ ]*\) $/  {\"\1\", (void *) 0},/p'\'' -e '\''s/^[ABCDGIRSTW]* \([^ ]*\) \([^ ]*\)$/  {"\2", (void *) \&\2},/p'\'''
lt_cv_sys_global_symbol_to_c_name_address_lib_prefix='sed -n -e '\''s/^: \([^ ]*\) $/  {\"\1\", (void *) 0},/p'\'' -e '\''s/^[ABCDGIRSTW]* \([^ ]*\) \(lib[^ ]*\)$/  {"\2", (void *) \&\2},/p'\'' -e '\''s/^[ABCDGIRSTW]* \([^ ]*\) \([^ ]*\)$/  {"lib\2", (void *) \&\2},/p'\'''
lt_cv_sys_global_symbol_to_cdecl='sed -n -e '\''s/^T .* \(.*\)$/extern int \1();/p'\'' -e '\''s/^[ABCDGIRSTW]* .* \(.*\)$/extern char \1;/p'\'''
lt_cv_sys_max_cmd_len=1572864

## ----------------- ##
## Output variables. ##
## ----------------- ##

ACLOCAL='${SHELL} /home/pang/git/gitlib/tmp/nal2yuv2jpg/3rd/gflags/src/missing --run aclocal-1.10'
AMDEPBACKSLASH='\'
AMDEP_FALSE='#'
AMDEP_TRUE=''
AMTAR='${SHELL} /home/pang/git/gitlib/tmp/nal2yuv2jpg/3rd/gflags/src/missing --run tar'
AR='ar'
AUTOCONF='${SHELL} /home/pang/git/gitlib/tmp/nal2yuv2jpg/3rd/gflags/src/missing --run autoconf'
AUTOHEADER='${SHELL} /home/pang/git/gitlib/tmp/nal2yuv2jpg/3rd/gflags/src/missing --run autoheader'
AUTOMAKE='${SHELL} /home/pang/git/gitlib/tmp/nal2yuv2jpg/3rd/gflags/src/missing --run automake-1.10'
AWK='mawk'
CC='gcc'
CCDEPMODE='depmode=gcc3'
CFLAGS='-g -O2'
CPP='gcc -E'
CPPFLAGS=''
CXX='g++'
CXXCPP='g++ -E'
CXXDEPMODE='depmode=gcc3'
CXXFLAGS='-g -O2'
CYGPATH_W='echo'
DEFS='-DHAVE_CONFIG_H'
DEPDIR='.deps'
DSYMUTIL=''
DUMPBIN=''
ECHO_C=''
ECHO_N='-n'
ECHO_T=''
EGREP='/bin/grep -E'
EXEEXT=''
FGREP='/bin/grep -F'
GCC_FALSE='#'
GCC_TRUE=''
GREP='/bin/grep'
INSTALL_DATA='${INSTALL} -m 644'
INSTALL_PROGRAM='${INSTALL}'
INSTALL_SCRIPT='${INSTALL}'
INSTALL_STRIP_PROGRAM='$(install_sh) -c -s'
LD='/usr/bin/ld -m elf_x86_64'
LDFLAGS=''
LIBOBJS=''
LIBS=''
LIBSTDCXX_LA_LINKER_FLAG=''
LIBTOOL='$(SHELL) $(top_builddir)/libtool'
LIBTOOL_DEPS='./ltmain.sh'
LIPO=''
LN_S='ln -s'
LTLIBOBJS=''
MAKEINFO='${SHELL} /home/pang/git/gitlib/tmp/nal2yuv2jpg/3rd/gflags/src/missing --run makeinfo'
MKDIR_P='/bin/mkdir -p'
NM='/usr/bin/nm -B'
NMEDIT=''
OBJDUMP='objdump'
OBJEXT='o'
OTOOL64=''
OTOOL=''
PACKAGE='gflags'
PACKAGE_BUGREPORT='google-gflags@googlegroups.com'
PACKAGE_NAME='gflags'
PACKAGE_STRING='gflags 2.0'
PACKAGE_TARNAME='gflags'
PACKAGE_URL=''
PACKAGE_VERSION='2.0'
PATH_SEPARATOR=':'
PTHREAD_CC='gcc'
PTHREAD_CFLAGS='-pthread'
PTHREAD_LIBS=' -lpthread'
RANLIB='ranlib'
SED='/bin/sed'
SET_MAKE=''
SHELL='/bin/bash'
SO_VERSION='3:0:1'
STRIP='strip'
TEST_TMPDIR='/tmp/gflags'
VERSION='2.0'
ac_ct_CC='gcc'
ac_ct_CXX='g++'
ac_ct_DUMPBIN=''
ac_cv___attribute__unused='__attribute__ ((unused))'
ac_cv_have___int16='0'
ac_cv_have_inttypes_h='1'
ac_cv_have_stdint_h='1'
ac_cv_have_systypes_h='1'
ac_cv_have_u_int16_t='1'
ac_cv_have_uint16_t='1'
ac_google_end_namespace='}'
ac_google_namespace='::google'
ac_google_start_namespace='namespace google {'
acx_pthread_config=''
am__fastdepCC_FALSE='#'
am__fastdepCC_TRUE=''
am__fastdepCXX_FALSE='#'
am__fastdepCXX_TRUE=''
am__include='include'
am__isrc=''
am__leading_dot='.'
am__quote=''
am__tar='${AMTAR} chof - "$$tardir"'
am__untar='${AMTAR} xf -'
bindir='${exec_prefix}/bin'
build='x86_64-unknown-linux-gnu'
build_alias=''
build_cpu='x86_64'
build_os='linux-gnu'
build_vendor='unknown'
datadir='${datarootdir}'
datarootdir='${prefix}/share'
docdir='${datarootdir}/doc/${PACKAGE_TARNAME}'
dvidir='${docdir}'
exec_prefix='${prefix}'
host='x86_64-unknown-linux-gnu'
host_alias=''
host_cpu='x86_64'
host_os='linux-gnu'
host_vendor='unknown'
htmldir='${docdir}'
includedir='${prefix}/include'
infodir='${datarootdir}/info'
install_sh='$(SHELL) /home/pang/git/gitlib/tmp/nal2yuv2jpg/3rd/gflags/src/install-sh'
libdir='${exec_prefix}/lib'
libexecdir='${exec_prefix}/libexec'
localedir='${datarootdir}/locale'
localstatedir='${prefix}/var'
lt_ECHO='echo'
mandir='${datarootdir}/man'
mkdir_p='/bin/mkdir -p'
oldincludedir='/usr/include'
pdfdir='${docdir}'
prefix='/home/pang/git/gitlib/tmp/nal2yuv2jpg/3rd/install'
program_transform_name='s,x,x,'
psdir='${docdir}'
runstatedir='${localstatedir}/run'
sbindir='${exec_prefix}/sbin'
sharedstatedir='${prefix}/com'
sysconfdir='${prefix}/etc'
target_alias=''

## ----------- ##
## confdefs.h. ##
## ----------- ##

/* confdefs.h */
#define PACKAGE_NAME "gflags"
#define PACKAGE_TARNAME "gflags"
#define PACKAGE_VERSION "2.0"
#define PACKAGE_STRING "gflags 2.0"
#define PACKAGE_BUGREPORT "google-gflags@googlegroups.com"
#define PACKAGE_URL ""
#define PACKAGE "gflags"
#define VERSION "2.0"
#define STDC_HEADERS 1
#define HAVE_SYS_TYPES_H 1
#define HAVE_SYS_STAT_H 1
#define HAVE_STDLIB_H 1
#define HAVE_STRING_H 1
#define HAVE_MEMORY_H 1
#define HAVE_STRINGS_H 1
#define HAVE_INTTYPES_H 1
#define HAVE_STDINT_H 1
#define HAVE_UNISTD_H 1
#define HAVE_DLFCN_H 1
#define LT_OBJDIR ".libs/"
#define STDC_HEADERS 1
#define HAVE_FNMATCH_H 1
#define HAVE_SYS_STAT_H 1
#define HAVE_UNISTD_H 1
#define HAVE_STRTOLL 1
#define HAVE_STRTOQ 1
#define HAVE___ATTRIBUTE__ 1
#define HAVE_PTHREAD 1
#define HAVE_NAMESPACES 1
#define STL_NAMESPACE std
#define GOOGLE_NAMESPACE ::google
#define _START_GOOGLE_NAMESPACE_ namespace google {
#define _END_GOOGLE_NAMESPACE_ }
#define GFLAGS_DLL_DECL /**/

configure: exit 0
